<?xml version="1.0" encoding="UTF-8"?>
<!-- Generated by org.testng.reporters.JUnitReportReporter -->
<testsuite hostname="DESKTOP-J4SRGEC" failures="0" tests="2" name="Group_diffrentxmlfile.groups" time="0.021" errors="0" timestamp="2024-07-09T07:43:27 IST" skipped="0">
  <testcase classname="Group_diffrentxmlfile.groups" name="tc1" time="0.015"/>
  <system-out/>
  <testcase classname="Group_diffrentxmlfile.groups" name="tc2" time="0.006"/>
  <system-out/>
</testsuite> <!-- Group_diffrentxmlfile.groups -->
